     1                                 %line 1+1 hw6.asm
     2                                 
     3                                 
     4                                 
     5                                 
     6                                 
     7                                 
     8                                 
     9                                 [section .bss]
    10                                 
    11                                 
    12                                 
    13                                 
    14                                 
    15                                 %line 19+1 hw6.asm
    16                                 
    17                                 [section .data]
    18                                 
    19                                 NULL equ 0
    20                                 FALSE equ 0
    21                                 TRUE equ 1
    22                                 
    23                                 
    24                                 EXIT_SUCCESS equ 0
    25                                 SYS_exit equ 60
    26                                 
    27                                 
    28                                 
    29                                 
    30 00000000 0200                   A dw 2,
    31 00000002 [0000000000000000]-     dq B, C
    32 00000002 [0000000000000000] 
    33                                 
    34 00000012 0600                   B dw 6,
    35 00000014 [0000000000000000]-     dq D, E
    36 00000014 [0000000000000000] 
    37                                 
    38 00000024 0A00                   C dw 10,
    39 00000026 0000000000000000[00-     dq NULL, F
    40 00000026 00000000000000]    
    41                                 
    42 00000036 0800                   D dw 8,
    43 00000038 000000000000000000-     dq NULL, NULL
    44 00000038 00000000000000     
    45                                 
    46 00000048 0900                   E dw 9,
    47 0000004A [0000000000000000]-     dq G, H
    48 0000004A [0000000000000000] 
    49                                 
    50 0000005A 0C00                   F dw 12,
    51 0000005C 000000000000000000-     dq NULL, NULL
    52 0000005C 00000000000000     
    53                                 
    54 0000006C 0B00                   G dw 11,
    55 0000006E 000000000000000000-     dq NULL, NULL
    56 0000006E 00000000000000     
    57                                 
    58 0000007E 0F00                   H dw 15,
    59 00000080 000000000000000000-     dq NULL, NULL
    60 00000080 00000000000000     
    61                                 
    62 00000090 0000                   sumA dw 0
    63 00000092 0000                   sumB dw 0
    64 00000094 FF                     found10 db -1
    65 00000095 FF                     found11 db -1
    66 00000096 FF                     found13 db -1
    67                                 
    68                                 [section .text]
    69                                 
    70                                 [global checkValue]
    71                                 [global findSum]
    72                                 [global _start]
    73                                 _start:
    74                                 
    75                                 
    76 00000000 48C7C000000000         mov rax, 0
    77 00000007 48C7C7[00000000]       mov rdi, A
    78 0000000E E878000000             call findSum
    79 00000013 66890425[00000000]     mov word[sumA], ax
    80                                 
    81 0000001B 48C7C000000000         mov rax, 0
    82 00000022 48C7C7[00000000]       mov rdi, B
    83 00000029 E85D000000             call findSum
    84 0000002E 66890425[00000000]     mov word[sumB], ax
    85                                 
    86                                 debugSum:
    87                                 
    88                                 
    89 00000036 48C7C7[00000000]       mov rdi, A
    90 0000003D 48C7C60A000000         mov rsi, 10
    91 00000044 E899000000             call checkValue
    92 00000049 880425[00000000]       mov byte[found10], al
    93                                 
    94 00000050 48C7C7[00000000]       mov rdi, A
    95 00000057 48C7C60B000000         mov rsi, 11
    96 0000005E E87F000000             call checkValue
    97 00000063 880425[00000000]       mov byte[found11], al
    98                                 
    99 0000006A 48C7C7[00000000]       mov rdi, A
   100 00000071 48C7C60D000000         mov rsi, 13
   101 00000078 E865000000             call checkValue
   102 0000007D 880425[00000000]       mov byte[found13], al
   103                                 
   104                                 
   105                                 last:
   106 00000084 B83C000000              mov eax, SYS_exit
   107 00000089 BF00000000              mov edi, EXIT_SUCCESS
   108 0000008E 0F05                    syscall
   109                                 
   110                                 
   111                                 
   112                                 
   113                                 findSum:
   114                                 
   115                                 
   116                                 
   117                                 
   118                                 
   119                                 
   120                                 
   121                                 
   122                                 
   123                                 
   124                                 
   125                                 
   126                                 
   127                                 
   128                                 
   129                                 
   130                                 
   131                                 
   132                                 
   133                                 
   134 00000090 55                      push rbp
   135 00000091 4889E5                  mov rbp, rsp
   136                                 
   137 00000094 4154                    push r12
   138 00000096 4155                    push r13
   139 00000098 4156                    push r14
   140                                 
   141                                 
   142 0000009A 4883FF00                cmp rdi, NULL
   143 0000009E 7436                    je returnZero
   144                                 
   145 000000A0 66448B27               mov r12w, word[rdi]
   146                                 %line 140+0 hw6.asm
   147 000000A4 4C8B6F02               mov r13, qword[rdi + 2]
   148 000000A8 4C8B770A               mov r14, qword[rdi + 10]
   149                                 %line 141+1 hw6.asm
   150                                 
   151                                 
   152                                 
   153                                 
   154                                 
   155 000000AC 490FB7C4                movzx rax, r12w
   156                                 
   157 000000B0 4983FD00                cmp r13, NULL
   158 000000B4 740B                    je skipLeft
   159 000000B6 50                      push rax
   160                                 
   161                                 
   162                                 
   163 000000B7 4C89EF                  mov rdi, r13
   164 000000BA E8CCFFFFFF              call findSum
   165 000000BF 5B                      pop rbx
   166                                 
   167 000000C0 4801D8                  add rax, rbx
   168                                 
   169                                 
   170                                  skipLeft:
   171 000000C3 4983FE00                cmp r14, NULL
   172 000000C7 740B                    je skipRight
   173 000000C9 50                      push rax
   174 000000CA 4C89F7                  mov rdi, r14
   175 000000CD E8B9FFFFFF              call findSum
   176 000000D2 5B                      pop rbx
   177 000000D3 4801D8                  add rax, rbx
   178                                 
   179                                 
   180                                  skipRight:
   181 000000D6 EB05                    jmp return
   182                                 
   183                                 returnZero:
   184 000000D8 48C7C000000000          mov rax, 0
   185                                 
   186                                 return:
   187 000000DF 415E                    pop r14
   188 000000E1 415D                    pop r13
   189 000000E3 415C                    pop r12
   190 000000E5 5D                      pop rbp
   191 000000E6 C3                      ret
   192                                 
   193                                 
   194                                 
   195                                 
   196                                 
   197                                 
   198                                 
   199                                 
   200                                 
   201                                 
   202                                 
   203                                 
   204                                 
   205                                 
   206                                 
   207                                 
   208                                 
   209                                 
   210                                 
   211                                 
   212                                 
   213                                 
   214                                 
   215                                 
   216                                 
   217                                 
   218                                 
   219                                 
   220                                 
   221                                 
   222                                 
   223                                 
   224                                 
   225                                 
   226                                 
   227                                 
   228                                 
   229                                 
   230                                 
   231                                 
   232                                 
   233                                 
   234                                 
   235                                 checkValue:
   236                                 
   237                                 
   238                                 
   239                                 
   240                                 
   241                                 
   242                                 
   243                                 
   244                                 
   245                                 
   246                                 
   247                                 
   248                                 
   249                                 
   250                                 
   251                                 
   252 000000E7 55                      push rbp
   253 000000E8 4889E5                  mov rbp, rsp
   254 000000EB 4154                    push r12
   255 000000ED 4155                    push r13
   256 000000EF 4156                    push r14
   257                                 
   258                                 
   259 000000F1 4883FF00                cmp rdi, NULL
   260 000000F5 7442                    je returnFalse
   261                                 
   262 000000F7 66448B27               mov r12w, word[rdi]
   263                                 %line 253+0 hw6.asm
   264 000000FB 4C8B6F02               mov r13, qword[rdi + 2]
   265 000000FF 4C8B770A               mov r14, qword[rdi + 10]
   266                                 %line 254+1 hw6.asm
   267                                 
   268                                 
   269 00000103 4D0FBFE4                movsx r12, r12w
   270 00000107 480FBFF6                movsx rsi, si
   271                                 
   272                                 
   273                                 CheckCurrentNode:
   274 0000010B 4939F4                  cmp r12, rsi
   275                                 
   276 0000010E 7420                    je matchCase
   277                                 
   278                                 
   279                                 CheckLeftChild:
   280 00000110 4C89EF                  mov rdi, r13
   281 00000113 E8CAFFFFFF              call checkValue
   282 00000118 4883F801                cmp rax, TRUE
   283 0000011C 7422                    je end
   284                                 
   285                                 
   286                                 
   287                                 CheckRightChild:
   288 0000011E 4C89F7                  mov rdi, r14
   289 00000121 E8BCFFFFFF              call checkValue
   290 00000126 4883F801                cmp rax, TRUE
   291 0000012A 7414                    je end
   292                                 
   293 0000012C 4883F800                cmp rax, FALSE
   294 00000130 EB0E                    jmp end
   295                                 
   296                                 
   297                                 matchCase:
   298 00000132 48C7C001000000          mov rax, TRUE
   299 00000139 EB05                    jmp end
   300                                 
   301                                 returnFalse:
   302 0000013B 48C7C000000000          mov rax, FALSE
   303                                 
   304                                 end:
   305 00000142 415E                    pop r14
   306 00000144 415D                    pop r13
   307 00000146 415C                    pop r12
   308 00000148 5D                      pop rbp
   309 00000149 C3                      ret
   310                                 
   311                                 
   312                                 
   313                                 
   314                                 
   315                                 
   316                                 
   317                                 
   318                                 
   319                                 
   320                                 
   321                                 
   322                                 
   323                                 
   324                                 
   325                                 
   326                                 
   327                                 
   328                                 
   329                                 
   330                                 
   331                                 
   332                                 
   333                                 
   334                                 
   335                                 
   336                                 
   337                                 
   338                                 
   339                                 
   340                                 
   341                                 
   342                                 
   343                                 
   344                                 
   345                                 
   346                                 
   347                                 
