     1                                 %line 1+1 hw8.asm
     2                                 
     3                                 
     4                                 
     5                                 
     6                                 
     7                                 
     8                                 [section .data]
     9                                 
    10                                 EXIT_SUCCESS equ 0
    11                                 TRUE equ 1
    12                                 FALSE equ 0
    13                                 
    14                                 
    15                                 
    16                                 [extern printInt]
    17                                 
    18                                 [section .text]
    19                                 [global findMax]
    20                                 
    21                                 
    22                                 
    23                                 
    24                                 
    25                                 
    26                                 
    27                                 
    28                                 
    29                                 
    30                                 
    31                                 
    32                                 
    33                                 
    34                                 
    35                                 
    36                                 
    37                                 
    38                                 
    39                                 
    40                                 
    41                                 
    42                                 
    43                                 findMax:
    44                                 
    45                                 
    46                                 
    47                                 
    48                                 
    49 00000000 55                     push rbp
    50 00000001 4889E5                 mov rbp, rsp
    51 00000004 53                     push rbx
    52 00000005 4154                   push r12
    53 00000007 4155                   push r13
    54 00000009 4156                   push r14
    55                                 
    56 0000000B 4889FB                 mov rbx, rdi
    57 0000000E 4189F4                 mov r12d, esi
    58 00000011 4189D5                 mov r13d, edx
    59 00000014 4989CE                 mov r14, rcx
    60 00000017 49C7C200000000         mov r10, 0
    61 0000001E 4589E2                 mov r10d, r12d
    62 00000021 468B1CA3               mov r11d, dword [rbx+r12*4]
    63                                 
    64                                 
    65                                 findMaxLoop:
    66 00000025 428B0493               mov eax, dword [rbx+r10*4]
    67 00000029 4439D8                 cmp eax, r11d
    68 0000002C 7E01                   jle notMax
    69 0000002E 4189C3                 mov r11d, eax
    70                                 notMax:
    71 00000031 41FFC2                 inc r10d
    72 00000034 4539EA                 cmp r10d, r13d
    73 00000037 7CEA                   jl findMaxLoop
    74                                 endMax:
    75 00000039 45891E                 mov dword [r14], r11d
    76 0000003C 415E                   pop r14
    77 0000003E 415D                   pop r13
    78 00000040 415C                   pop r12
    79 00000042 5B                     pop rbx
    80 00000043 5D                     pop rbp
    81 00000044 C3                     ret
